{"contracts/Lottery.sol":{"l":{"51":3,"52":3,"53":3,"54":3,"55":3,"56":3,"57":3,"58":3,"62":17,"63":1,"65":16,"66":1,"68":15,"69":15,"84":10,"85":10,"86":10,"87":10,"88":10,"89":10,"102":6,"103":6,"104":1,"111":5,"112":5,"119":5,"127":1,"128":1,"129":1,"130":1,"131":1,"132":1,"133":1,"135":1,"136":0,"138":1,"145":16,"149":1,"153":1,"157":0,"161":0,"165":1,"169":2,"173":17,"177":1,"181":4},"path":"/home/praveensheoran/hardhat-smartcontract-lottery/contracts/Lottery.sol","s":{"1":17,"2":16,"3":15,"4":15,"5":10,"6":10,"7":10,"8":10,"9":10,"10":6,"11":6,"12":5,"13":5,"14":1,"15":1,"16":1,"17":1,"18":1,"19":16,"20":1,"21":1,"22":0,"23":0,"24":1,"25":2,"26":17,"27":1,"28":4},"b":{"1":[1,16],"2":[1,15],"3":[1,5],"4":[0,1]},"f":{"1":3,"2":17,"3":10,"4":6,"5":1,"6":16,"7":1,"8":1,"9":0,"10":0,"11":1,"12":2,"13":17,"14":1,"15":4},"fnMap":{"1":{"name":"constructor","line":50,"loc":{"start":{"line":43,"column":4},"end":{"line":59,"column":4}}},"2":{"name":"enterLottery","line":61,"loc":{"start":{"line":61,"column":4},"end":{"line":70,"column":4}}},"3":{"name":"checkUpkeep","line":81,"loc":{"start":{"line":81,"column":4},"end":{"line":90,"column":4}}},"4":{"name":"performUpkeep","line":95,"loc":{"start":{"line":95,"column":4},"end":{"line":120,"column":4}}},"5":{"name":"fulfillRandomWords","line":123,"loc":{"start":{"line":123,"column":4},"end":{"line":139,"column":4}}},"6":{"name":"getEntranceFee","line":144,"loc":{"start":{"line":144,"column":4},"end":{"line":146,"column":4}}},"7":{"name":"getNumberofPlayers","line":148,"loc":{"start":{"line":148,"column":4},"end":{"line":150,"column":4}}},"8":{"name":"getRecentWinner","line":152,"loc":{"start":{"line":152,"column":4},"end":{"line":154,"column":4}}},"9":{"name":"getNumWords","line":156,"loc":{"start":{"line":156,"column":4},"end":{"line":158,"column":4}}},"10":{"name":"getRequestConfirmations","line":160,"loc":{"start":{"line":160,"column":4},"end":{"line":162,"column":4}}},"11":{"name":"getPlayer","line":164,"loc":{"start":{"line":164,"column":4},"end":{"line":166,"column":4}}},"12":{"name":"getLastTimeStamp","line":168,"loc":{"start":{"line":168,"column":4},"end":{"line":170,"column":4}}},"13":{"name":"getInterval","line":172,"loc":{"start":{"line":172,"column":4},"end":{"line":174,"column":4}}},"14":{"name":"getvrfCoordinatoraddress","line":176,"loc":{"start":{"line":176,"column":4},"end":{"line":178,"column":4}}},"15":{"name":"getLotteryState","line":180,"loc":{"start":{"line":180,"column":4},"end":{"line":182,"column":4}}}},"statementMap":{"1":{"start":{"line":62,"column":8},"end":{"line":62,"column":2301}},"2":{"start":{"line":65,"column":8},"end":{"line":65,"column":2403}},"3":{"start":{"line":68,"column":8},"end":{"line":68,"column":42}},"4":{"start":{"line":69,"column":8},"end":{"line":69,"column":37}},"5":{"start":{"line":84,"column":8},"end":{"line":84,"column":59}},"6":{"start":{"line":85,"column":8},"end":{"line":85,"column":76}},"7":{"start":{"line":86,"column":8},"end":{"line":86,"column":48}},"8":{"start":{"line":87,"column":8},"end":{"line":87,"column":51}},"9":{"start":{"line":89,"column":8},"end":{"line":89,"column":36}},"10":{"start":{"line":102,"column":8},"end":{"line":102,"column":47}},"11":{"start":{"line":103,"column":8},"end":{"line":103,"column":4230}},"12":{"start":{"line":112,"column":8},"end":{"line":112,"column":4495}},"13":{"start":{"line":119,"column":8},"end":{"line":119,"column":45}},"14":{"start":{"line":127,"column":8},"end":{"line":127,"column":65}},"15":{"start":{"line":128,"column":8},"end":{"line":128,"column":63}},"16":{"start":{"line":133,"column":8},"end":{"line":133,"column":78}},"17":{"start":{"line":135,"column":8},"end":{"line":135,"column":5339}},"18":{"start":{"line":138,"column":8},"end":{"line":138,"column":39}},"19":{"start":{"line":145,"column":8},"end":{"line":145,"column":28}},"20":{"start":{"line":149,"column":8},"end":{"line":149,"column":31}},"21":{"start":{"line":153,"column":8},"end":{"line":153,"column":29}},"22":{"start":{"line":157,"column":8},"end":{"line":157,"column":27}},"23":{"start":{"line":161,"column":8},"end":{"line":161,"column":36}},"24":{"start":{"line":165,"column":8},"end":{"line":165,"column":31}},"25":{"start":{"line":169,"column":8},"end":{"line":169,"column":30}},"26":{"start":{"line":173,"column":8},"end":{"line":173,"column":25}},"27":{"start":{"line":177,"column":8},"end":{"line":177,"column":31}},"28":{"start":{"line":181,"column":8},"end":{"line":181,"column":29}}},"branchMap":{"1":{"line":62,"type":"if","locations":[{"start":{"line":62,"column":8},"end":{"line":62,"column":8}},{"start":{"line":62,"column":8},"end":{"line":62,"column":8}}]},"2":{"line":65,"type":"if","locations":[{"start":{"line":65,"column":8},"end":{"line":65,"column":8}},{"start":{"line":65,"column":8},"end":{"line":65,"column":8}}]},"3":{"line":103,"type":"if","locations":[{"start":{"line":103,"column":8},"end":{"line":103,"column":8}},{"start":{"line":103,"column":8},"end":{"line":103,"column":8}}]},"4":{"line":135,"type":"if","locations":[{"start":{"line":135,"column":8},"end":{"line":135,"column":8}},{"start":{"line":135,"column":8},"end":{"line":135,"column":8}}]}}},"contracts/tests/VRFCoordinatorV2Mock.sol":{"l":{},"path":"/home/praveensheoran/hardhat-smartcontract-lottery/contracts/tests/VRFCoordinatorV2Mock.sol","s":{},"b":{},"f":{},"fnMap":{},"statementMap":{},"branchMap":{}}}