{
"contracts/Lottery.sol":{"l":{"51":3,"52":3,"53":3,"54":3,"55":3,"56":3,"57":3,"58":3,"62":11,"63":1,"65":10,"66":1,"68":9,"69":9,"84":9,"85":9,"86":9,"87":9,"88":9,"89":9,"102":5,"103":5,"104":1,"111":4,"112":4,"119":4,"127":0,"128":0,"129":0,"130":0,"131":0,"132":0,"133":0,"135":0,"136":0,"138":0,"145":0,"149":0,"153":0,"157":0,"161":0,"165":1,"169":0,"173":16,"177":1,"181":3},"path":"/home/praveensheoran/hardhat-smartcontract-lottery/contracts/Lottery.sol","s":{"1":11,"2":10,"3":9,"4":9,"5":9,"6":9,"7":9,"8":9,"9":9,"10":5,"11":5,"12":4,"13":4,"14":0,"15":0,"16":0,"17":0,"18":0,"19":0,"20":0,"21":0,"22":0,"23":0,"24":1,"25":0,"26":16,"27":1,"28":3},"b":{"1":[1,10],"2":[1,9],"3":[1,4],"4":[0,0]},"f":{"1":3,"2":11,"3":9,"4":5,"5":0,"6":0,"7":0,"8":0,"9":0,"10":0,"11":1,"12":0,"13":16,"14":1,"15":3},"fnMap":{"1":{"name":"constructor","line":50,"loc":{"start":{"line":43,"column":4},"end":{"line":59,"column":4}}},"2":{"name":"enterLottery","line":61,"loc":{"start":{"line":61,"column":4},"end":{"line":70,"column":4}}},"3":{"name":"checkUpkeep","line":81,"loc":{"start":{"line":81,"column":4},"end":{"line":90,"column":4}}},"4":{"name":"performUpkeep","line":95,"loc":{"start":{"line":95,"column":4},"end":{"line":120,"column":4}}},"5":{"name":"fulfillRandomWords","line":123,"loc":{"start":{"line":123,"column":4},"end":{"line":139,"column":4}}},"6":{"name":"getEntranceFee","line":144,"loc":{"start":{"line":144,"column":4},"end":{"line":146,"column":4}}},"7":{"name":"getNumberofPlayers","line":148,"loc":{"start":{"line":148,"column":4},"end":{"line":150,"column":4}}},"8":{"name":"getRecentWinner","line":152,"loc":{"start":{"line":152,"column":4},"end":{"line":154,"column":4}}},"9":{"name":"getNumWords","line":156,"loc":{"start":{"line":156,"column":4},"end":{"line":158,"column":4}}},"10":{"name":"getRequestConfirmations","line":160,"loc":{"start":{"line":160,"column":4},"end":{"line":162,"column":4}}},"11":{"name":"getPlayer","line":164,"loc":{"start":{"line":164,"column":4},"end":{"line":166,"column":4}}},"12":{"name":"getLastTimeStamp","line":168,"loc":{"start":{"line":168,"column":4},"end":{"line":170,"column":4}}},"13":{"name":"getInterval","line":172,"loc":{"start":{"line":172,"column":4},"end":{"line":174,"column":4}}},"14":{"name":"getvrfCoordinatoraddress","line":176,"loc":{"start":{"line":176,"column":4},"end":{"line":178,"column":4}}},"15":{"name":"getLotteryState","line":180,"loc":{"start":{"line":180,"column":4},"end":{"line":182,"column":4}}}},"statementMap":{"1":{"start":{"line":62,"column":8},"end":{"line":62,"column":2301}},"2":{"start":{"line":65,"column":8},"end":{"line":65,"column":2403}},"3":{"start":{"line":68,"column":8},"end":{"line":68,"column":42}},"4":{"start":{"line":69,"column":8},"end":{"line":69,"column":37}},"5":{"start":{"line":84,"column":8},"end":{"line":84,"column":59}},"6":{"start":{"line":85,"column":8},"end":{"line":85,"column":76}},"7":{"start":{"line":86,"column":8},"end":{"line":86,"column":48}},"8":{"start":{"line":87,"column":8},"end":{"line":87,"column":51}},"9":{"start":{"line":89,"column":8},"end":{"line":89,"column":36}},"10":{"start":{"line":102,"column":8},"end":{"line":102,"column":47}},"11":{"start":{"line":103,"column":8},"end":{"line":103,"column":4230}},"12":{"start":{"line":112,"column":8},"end":{"line":112,"column":4495}},"13":{"start":{"line":119,"column":8},"end":{"line":119,"column":45}},"14":{"start":{"line":127,"column":8},"end":{"line":127,"column":65}},"15":{"start":{"line":128,"column":8},"end":{"line":128,"column":63}},"16":{"start":{"line":133,"column":8},"end":{"line":133,"column":78}},"17":{"start":{"line":135,"column":8},"end":{"line":135,"column":5339}},"18":{"start":{"line":138,"column":8},"end":{"line":138,"column":39}},"19":{"start":{"line":145,"column":8},"end":{"line":145,"column":28}},"20":{"start":{"line":149,"column":8},"end":{"line":149,"column":31}},"21":{"start":{"line":153,"column":8},"end":{"line":153,"column":29}},"22":{"start":{"line":157,"column":8},"end":{"line":157,"column":27}},"23":{"start":{"line":161,"column":8},"end":{"line":161,"column":36}},"24":{"start":{"line":165,"column":8},"end":{"line":165,"column":31}},"25":{"start":{"line":169,"column":8},"end":{"line":169,"column":30}},"26":{"start":{"line":173,"column":8},"end":{"line":173,"column":25}},"27":{"start":{"line":177,"column":8},"end":{"line":177,"column":31}},"28":{"start":{"line":181,"column":8},"end":{"line":181,"column":29}}},"branchMap":{"1":{"line":62,"type":"if","locations":[{"start":{"line":62,"column":8},"end":{"line":62,"column":8}},{"start":{"line":62,"column":8},"end":{"line":62,"column":8}}]},"2":{"line":65,"type":"if","locations":[{"start":{"line":65,"column":8},"end":{"line":65,"column":8}},{"start":{"line":65,"column":8},"end":{"line":65,"column":8}}]},"3":{"line":103,"type":"if","locations":[{"start":{"line":103,"column":8},"end":{"line":103,"column":8}},{"start":{"line":103,"column":8},"end":{"line":103,"column":8}}]},"4":{"line":135,"type":"if","locations":[{"start":{"line":135,"column":8},"end":{"line":135,"column":8}},{"start":{"line":135,"column":8},"end":{"line":135,"column":8}}]}}},
"contracts/tests/VRFCoordinatorV2Mock.sol":{"l":{},"path":"/home/praveensheoran/hardhat-smartcontract-lottery/contracts/tests/VRFCoordinatorV2Mock.sol","s":{},"b":{},"f":{},"fnMap":{},"statementMap":{},"branchMap":{}}}
