TN:
SF:/home/praveensheoran/hardhat-smartcontract-lottery/contracts/Lottery.sol
FN:50,constructor
FN:61,enterLottery
FN:81,checkUpkeep
FN:95,performUpkeep
FN:123,fulfillRandomWords
FN:144,getEntranceFee
FN:148,getNumberofPlayers
FN:152,getRecentWinner
FN:156,getNumWords
FN:160,getRequestConfirmations
FN:164,getPlayer
FN:168,getLastTimeStamp
FN:172,getInterval
FN:176,getvrfCoordinatoraddress
FN:180,getLotteryState
FNF:15
FNH:13
FNDA:3,constructor
FNDA:17,enterLottery
FNDA:10,checkUpkeep
FNDA:6,performUpkeep
FNDA:1,fulfillRandomWords
FNDA:16,getEntranceFee
FNDA:1,getNumberofPlayers
FNDA:1,getRecentWinner
FNDA:0,getNumWords
FNDA:0,getRequestConfirmations
FNDA:1,getPlayer
FNDA:2,getLastTimeStamp
FNDA:17,getInterval
FNDA:1,getvrfCoordinatoraddress
FNDA:4,getLotteryState
DA:51,3
DA:52,3
DA:53,3
DA:54,3
DA:55,3
DA:56,3
DA:57,3
DA:58,3
DA:62,17
DA:63,1
DA:65,16
DA:66,1
DA:68,15
DA:69,15
DA:84,10
DA:85,10
DA:86,10
DA:87,10
DA:88,10
DA:89,10
DA:102,6
DA:103,6
DA:104,1
DA:111,5
DA:112,5
DA:119,5
DA:127,1
DA:128,1
DA:129,1
DA:130,1
DA:131,1
DA:132,1
DA:133,1
DA:135,1
DA:136,0
DA:138,1
DA:145,16
DA:149,1
DA:153,1
DA:157,0
DA:161,0
DA:165,1
DA:169,2
DA:173,17
DA:177,1
DA:181,4
LF:46
LH:43
BRDA:62,1,0,1
BRDA:62,1,1,16
BRDA:65,2,0,1
BRDA:65,2,1,15
BRDA:103,3,0,1
BRDA:103,3,1,5
BRDA:135,4,0,0
BRDA:135,4,1,1
BRF:8
BRH:7
end_of_record
TN:
SF:/home/praveensheoran/hardhat-smartcontract-lottery/contracts/tests/VRFCoordinatorV2Mock.sol
FNF:0
FNH:0
LF:0
LH:0
BRF:0
BRH:0
end_of_record
