TN:
SF:/home/praveensheoran/hardhat-smartcontract-lottery/contracts/Lottery.sol
FN:50,constructor
FN:61,enterLottery
FN:81,checkUpkeep
FN:95,performUpkeep
FN:123,fulfillRandomWords
FN:144,getEntranceFee
FN:148,getNumberofPlayers
FN:152,getRecentWinner
FN:156,getNumWords
FN:160,getRequestConfirmations
FN:164,getPlayer
FN:168,getLastTimeStamp
FN:172,getInterval
FN:176,getvrfCoordinatoraddress
FN:180,getLotteryState
FNF:15
FNH:8
FNDA:3,constructor
FNDA:11,enterLottery
FNDA:9,checkUpkeep
FNDA:5,performUpkeep
FNDA:0,fulfillRandomWords
FNDA:0,getEntranceFee
FNDA:0,getNumberofPlayers
FNDA:0,getRecentWinner
FNDA:0,getNumWords
FNDA:0,getRequestConfirmations
FNDA:1,getPlayer
FNDA:0,getLastTimeStamp
FNDA:16,getInterval
FNDA:1,getvrfCoordinatoraddress
FNDA:3,getLotteryState
DA:51,3
DA:52,3
DA:53,3
DA:54,3
DA:55,3
DA:56,3
DA:57,3
DA:58,3
DA:62,11
DA:63,1
DA:65,10
DA:66,1
DA:68,9
DA:69,9
DA:84,9
DA:85,9
DA:86,9
DA:87,9
DA:88,9
DA:89,9
DA:102,5
DA:103,5
DA:104,1
DA:111,4
DA:112,4
DA:119,4
DA:127,0
DA:128,0
DA:129,0
DA:130,0
DA:131,0
DA:132,0
DA:133,0
DA:135,0
DA:136,0
DA:138,0
DA:145,0
DA:149,0
DA:153,0
DA:157,0
DA:161,0
DA:165,1
DA:169,0
DA:173,16
DA:177,1
DA:181,3
LF:46
LH:30
BRDA:62,1,0,1
BRDA:62,1,1,10
BRDA:65,2,0,1
BRDA:65,2,1,9
BRDA:103,3,0,1
BRDA:103,3,1,4
BRDA:135,4,0,0
BRDA:135,4,1,0
BRF:8
BRH:6
end_of_record
TN:
SF:/home/praveensheoran/hardhat-smartcontract-lottery/contracts/tests/VRFCoordinatorV2Mock.sol
FNF:0
FNH:0
LF:0
LH:0
BRF:0
BRH:0
end_of_record
